AH00558: apache2: Could not reliably determine the server's fully qualified domain name, using 172.19.0.4. Set the 'ServerName' directive globally to suppress this message
[Thu Jan 30 12:35:39.446763 2020] [mpm_prefork:notice] [pid 1] AH00163: Apache/2.4.25 (Debian) PHP/7.1.20 configured -- resuming normal operations
[Thu Jan 30 12:35:39.446884 2020] [core:notice] [pid 1] AH00094: Command line: 'apache2 -D FOREGROUND'
[Thu Jan 30 12:54:45.025451 2020] [mpm_prefork:notice] [pid 1] AH00169: caught SIGTERM, shutting down
AH00558: apache2: Could not reliably determine the server's fully qualified domain name, using 172.19.0.3. Set the 'ServerName' directive globally to suppress this message
[Fri Jan 31 04:45:48.035244 2020] [mpm_prefork:notice] [pid 1] AH00163: Apache/2.4.25 (Debian) PHP/7.1.20 configured -- resuming normal operations
[Fri Jan 31 04:45:48.035400 2020] [core:notice] [pid 1] AH00094: Command line: 'apache2 -D FOREGROUND'
[Fri Jan 31 04:46:34.146616 2020] [mpm_prefork:notice] [pid 1] AH00169: caught SIGTERM, shutting down
AH00558: apache2: Could not reliably determine the server's fully qualified domain name, using 172.19.0.4. Set the 'ServerName' directive globally to suppress this message
[Fri Jan 31 04:56:58.344323 2020] [mpm_prefork:notice] [pid 1] AH00163: Apache/2.4.25 (Debian) PHP/7.1.20 configured -- resuming normal operations
[Fri Jan 31 04:56:58.344434 2020] [core:notice] [pid 1] AH00094: Command line: 'apache2 -D FOREGROUND'
[Fri Jan 31 05:01:06.169457 2020] [mpm_prefork:notice] [pid 1] AH00169: caught SIGTERM, shutting down
AH00558: apache2: Could not reliably determine the server's fully qualified domain name, using 172.19.0.4. Set the 'ServerName' directive globally to suppress this message
[Fri Jan 31 05:07:59.536392 2020] [mpm_prefork:notice] [pid 1] AH00163: Apache/2.4.25 (Debian) PHP/7.1.20 configured -- resuming normal operations
[Fri Jan 31 05:07:59.536511 2020] [core:notice] [pid 1] AH00094: Command line: 'apache2 -D FOREGROUND'
[Fri Jan 31 05:18:53.755005 2020] [mpm_prefork:notice] [pid 1] AH00169: caught SIGTERM, shutting down
AH00558: apache2: Could not reliably determine the server's fully qualified domain name, using 172.19.0.4. Set the 'ServerName' directive globally to suppress this message
[Fri Jan 31 05:19:24.573833 2020] [mpm_prefork:notice] [pid 1] AH00163: Apache/2.4.25 (Debian) PHP/7.1.20 configured -- resuming normal operations
[Fri Jan 31 05:19:24.573935 2020] [core:notice] [pid 1] AH00094: Command line: 'apache2 -D FOREGROUND'
[Fri Jan 31 06:32:50.971493 2020] [mpm_prefork:notice] [pid 1] AH00169: caught SIGTERM, shutting down
AH00558: apache2: Could not reliably determine the server's fully qualified domain name, using 172.18.0.5. Set the 'ServerName' directive globally to suppress this message
[Fri Jan 31 08:02:44.998221 2020] [mpm_prefork:notice] [pid 1] AH00163: Apache/2.4.25 (Debian) PHP/7.1.20 configured -- resuming normal operations
[Fri Jan 31 08:02:44.998355 2020] [core:notice] [pid 1] AH00094: Command line: 'apache2 -D FOREGROUND'
[Fri Jan 31 08:11:14.427504 2020] [php7:error] [pid 16] [client 172.18.0.1:39396] script '/var/www/html/test_db.php' not found or unable to stat, referer: http://finapp2.jyothishvv.com/DEFAULT/
[Fri Jan 31 10:23:22.347033 2020] [mpm_prefork:notice] [pid 1] AH00169: caught SIGTERM, shutting down
AH00558: apache2: Could not reliably determine the server's fully qualified domain name, using 172.18.0.3. Set the 'ServerName' directive globally to suppress this message
[Mon Feb 03 07:42:44.050658 2020] [mpm_prefork:notice] [pid 1] AH00163: Apache/2.4.25 (Debian) PHP/7.1.20 configured -- resuming normal operations
[Mon Feb 03 07:42:44.050784 2020] [core:notice] [pid 1] AH00094: Command line: 'apache2 -D FOREGROUND'
[Mon Feb 03 07:45:20.681296 2020] [mpm_prefork:notice] [pid 1] AH00169: caught SIGTERM, shutting down
